               ,    , 
               |\_ /|    
            |\/ _ '_| 
            |/  👁 \ 👁\   
          |\|      \_\_ 
          |/    \.\ o\o)  
          |     /\\`v-v  
         /    /_| \\_|  
        |    /__/_ `-` ITB 
		
		            ,    , 
               |\_ /|    
            |\/ _ '_| 
            |/  👁 \ 👁\   
          |\|      \_\_ 
          |/    \.\ o\o)  
          |     /\\`v-v  
         /    /_| \\_|  
        |    /__/_ `-` ITB
		
		            ,    , 
               |\_ /|    
            |\/ _ '_| 
            |/  👁 \ 👁\   
          |\|      \_\_ 
          |/    \.\ o\o)  
          |     /\\`v-v  
         /    /_| \\_|  
        |    /__/_ `-` ITB
